INFO 2025-05-23 09:09:34,927 users.views views.py (line 91) logout_user User(divyanshyadav@thoughtwin.com) logged out
INFO 2025-05-23 09:09:37,474 users.views views.py (line 45) login_user User(divyanshyadav@thoughtwin.com) logged in 
INFO 2025-05-23 09:14:45,945 users.views views.py (line 45) login_user User(piyush12@gmail.com) logged in
INFO 2025-05-23 09:17:30,348 posts.views views.py (line 21) create_post User(piyush12@gmail.com) uploaded a post
INFO 2025-05-23 09:21:47,723 posts.views views.py (line 48) handlelike User(piyush12@gmail.com) liked Post(35)
INFO 2025-05-23 09:21:55,925 posts.views views.py (line 44) handlelike User(piyush12@gmail.com) unliked Post(35)
INFO 2025-05-23 09:25:41,957 posts.views views.py (line 77) handlecomment User(piyush12@gmail.com) Commented on a Post(10)
INFO 2025-05-23 09:25:46,468 posts.views views.py (line 77) handlecomment User(piyush12@gmail.com) Commented on a Post(10)
INFO 2025-05-23 09:36:49,236 friends.views views.py (line 15) send_request User(piyush12@gmail.com) sent a friend request to User(mehul12@gmail.com)
INFO 2025-05-26 07:06:07,872 users.views views.py (line 45) login_user User(divyanshyadav@thoughtwin.com) logged in
INFO 2025-05-26 08:09:11,412 users.views views.py (line 91) logout_user User(divyanshyadav@thoughtwin.com) logged out
INFO 2025-05-27 09:13:20,683 posts.views views.py (line 48) handlelike User(divyanshyadav@thoughtwin.com) liked Post(12)
INFO 2025-05-27 09:13:21,179 posts.views views.py (line 44) handlelike User(divyanshyadav@thoughtwin.com) unliked Post(12)
INFO 2025-05-27 09:13:23,591 posts.views views.py (line 48) handlelike User(divyanshyadav@thoughtwin.com) liked Post(11)
INFO 2025-05-27 09:13:23,981 posts.views views.py (line 44) handlelike User(divyanshyadav@thoughtwin.com) unliked Post(11)
INFO 2025-05-27 09:13:26,923 posts.views views.py (line 77) handlecomment User(divyanshyadav@thoughtwin.com) Commented on a Post(11)
INFO 2025-05-27 09:13:37,958 posts.views views.py (line 77) handlecomment User(divyanshyadav@thoughtwin.com) Commented on a Post(11)
INFO 2025-05-27 09:13:45,119 posts.views views.py (line 77) handlecomment User(divyanshyadav@thoughtwin.com) Commented on a Post(11)
INFO 2025-05-27 09:14:00,457 posts.views views.py (line 48) handlelike User(divyanshyadav@thoughtwin.com) liked Post(28)
INFO 2025-05-27 09:14:00,995 posts.views views.py (line 44) handlelike User(divyanshyadav@thoughtwin.com) unliked Post(28)
